CRITICAL - 2024-06-09 10:06:53 --> syntax error, unexpected end of file
in APPPATH\Config\Routes.php on line 10.
 1 SYSTEMPATH\CodeIgniter.php(810): CodeIgniter\Router\RouteCollection->loadRoutes()
 2 SYSTEMPATH\CodeIgniter.php(450): CodeIgniter\CodeIgniter->tryToRouteIt(null)
 3 SYSTEMPATH\CodeIgniter.php(361): CodeIgniter\CodeIgniter->handleRequest(null, Object(Config\Cache), false)
 4 FCPATH\index.php(79): CodeIgniter\CodeIgniter->run()
 5 SYSTEMPATH\Commands\Server\rewrite.php(47): require_once('C:\\Users\\raman\\react-geo\\immeuble-geo\\public\\index.php')
CRITICAL - 2024-06-09 10:07:38 --> syntax error, unexpected end of file
in APPPATH\Config\Routes.php on line 10.
 1 SYSTEMPATH\CodeIgniter.php(810): CodeIgniter\Router\RouteCollection->loadRoutes()
 2 SYSTEMPATH\CodeIgniter.php(450): CodeIgniter\CodeIgniter->tryToRouteIt(null)
 3 SYSTEMPATH\CodeIgniter.php(361): CodeIgniter\CodeIgniter->handleRequest(null, Object(Config\Cache), false)
 4 FCPATH\index.php(79): CodeIgniter\CodeIgniter->run()
 5 SYSTEMPATH\Commands\Server\rewrite.php(47): require_once('C:\\Users\\raman\\react-geo\\immeuble-geo\\public\\index.php')
CRITICAL - 2024-06-09 10:07:57 --> syntax error, unexpected end of file
in APPPATH\Config\Routes.php on line 10.
 1 SYSTEMPATH\CodeIgniter.php(810): CodeIgniter\Router\RouteCollection->loadRoutes()
 2 SYSTEMPATH\CodeIgniter.php(450): CodeIgniter\CodeIgniter->tryToRouteIt(null)
 3 SYSTEMPATH\CodeIgniter.php(361): CodeIgniter\CodeIgniter->handleRequest(null, Object(Config\Cache), false)
 4 FCPATH\index.php(79): CodeIgniter\CodeIgniter->run()
 5 SYSTEMPATH\Commands\Server\rewrite.php(47): require_once('C:\\Users\\raman\\react-geo\\immeuble-geo\\public\\index.php')
CRITICAL - 2024-06-09 10:07:58 --> syntax error, unexpected end of file
in APPPATH\Config\Routes.php on line 10.
 1 SYSTEMPATH\CodeIgniter.php(810): CodeIgniter\Router\RouteCollection->loadRoutes()
 2 SYSTEMPATH\CodeIgniter.php(450): CodeIgniter\CodeIgniter->tryToRouteIt(null)
 3 SYSTEMPATH\CodeIgniter.php(361): CodeIgniter\CodeIgniter->handleRequest(null, Object(Config\Cache), false)
 4 FCPATH\index.php(79): CodeIgniter\CodeIgniter->run()
 5 SYSTEMPATH\Commands\Server\rewrite.php(47): require_once('C:\\Users\\raman\\react-geo\\immeuble-geo\\public\\index.php')
CRITICAL - 2024-06-09 10:08:05 --> syntax error, unexpected end of file
in APPPATH\Config\Routes.php on line 10.
 1 SYSTEMPATH\CodeIgniter.php(810): CodeIgniter\Router\RouteCollection->loadRoutes()
 2 SYSTEMPATH\CodeIgniter.php(450): CodeIgniter\CodeIgniter->tryToRouteIt(null)
 3 SYSTEMPATH\CodeIgniter.php(361): CodeIgniter\CodeIgniter->handleRequest(null, Object(Config\Cache), false)
 4 FCPATH\index.php(79): CodeIgniter\CodeIgniter->run()
 5 SYSTEMPATH\Commands\Server\rewrite.php(47): require_once('C:\\Users\\raman\\react-geo\\immeuble-geo\\public\\index.php')
CRITICAL - 2024-06-09 10:33:34 --> Call to undefined method App\Controllers\User::respond()
in APPPATH\Controllers\User.php on line 14.
 1 SYSTEMPATH\CodeIgniter.php(942): App\Controllers\User->index(null)
 2 SYSTEMPATH\CodeIgniter.php(502): CodeIgniter\CodeIgniter->runController(Object(App\Controllers\User))
 3 SYSTEMPATH\CodeIgniter.php(361): CodeIgniter\CodeIgniter->handleRequest(null, Object(Config\Cache), false)
 4 FCPATH\index.php(79): CodeIgniter\CodeIgniter->run()
 5 SYSTEMPATH\Commands\Server\rewrite.php(47): require_once('C:\\Users\\raman\\react-geo\\immeuble-geo\\public\\index.php')
CRITICAL - 2024-06-09 10:34:02 --> Call to undefined method App\Controllers\User::respond()
in APPPATH\Controllers\User.php on line 14.
 1 SYSTEMPATH\CodeIgniter.php(942): App\Controllers\User->index(null)
 2 SYSTEMPATH\CodeIgniter.php(502): CodeIgniter\CodeIgniter->runController(Object(App\Controllers\User))
 3 SYSTEMPATH\CodeIgniter.php(361): CodeIgniter\CodeIgniter->handleRequest(null, Object(Config\Cache), false)
 4 FCPATH\index.php(79): CodeIgniter\CodeIgniter->run()
 5 SYSTEMPATH\Commands\Server\rewrite.php(47): require_once('C:\\Users\\raman\\react-geo\\immeuble-geo\\public\\index.php')
CRITICAL - 2024-06-09 10:36:11 --> Call to undefined method App\Controllers\User::respond()
in APPPATH\Controllers\User.php on line 14.
 1 SYSTEMPATH\CodeIgniter.php(942): App\Controllers\User->index(null)
 2 SYSTEMPATH\CodeIgniter.php(502): CodeIgniter\CodeIgniter->runController(Object(App\Controllers\User))
 3 SYSTEMPATH\CodeIgniter.php(361): CodeIgniter\CodeIgniter->handleRequest(null, Object(Config\Cache), false)
 4 FCPATH\index.php(79): CodeIgniter\CodeIgniter->run()
 5 SYSTEMPATH\Commands\Server\rewrite.php(47): require_once('C:\\Users\\raman\\react-geo\\immeuble-geo\\public\\index.php')
CRITICAL - 2024-06-09 10:37:06 --> Call to undefined method App\Controllers\User::respond()
in APPPATH\Controllers\User.php on line 14.
 1 SYSTEMPATH\CodeIgniter.php(942): App\Controllers\User->get_user(null)
 2 SYSTEMPATH\CodeIgniter.php(502): CodeIgniter\CodeIgniter->runController(Object(App\Controllers\User))
 3 SYSTEMPATH\CodeIgniter.php(361): CodeIgniter\CodeIgniter->handleRequest(null, Object(Config\Cache), false)
 4 FCPATH\index.php(79): CodeIgniter\CodeIgniter->run()
 5 SYSTEMPATH\Commands\Server\rewrite.php(47): require_once('C:\\Users\\raman\\react-geo\\immeuble-geo\\public\\index.php')
CRITICAL - 2024-06-09 10:40:01 --> Call to undefined method App\Controllers\User::respond()
in APPPATH\Controllers\User.php on line 14.
 1 SYSTEMPATH\CodeIgniter.php(942): App\Controllers\User->get_user(null)
 2 SYSTEMPATH\CodeIgniter.php(502): CodeIgniter\CodeIgniter->runController(Object(App\Controllers\User))
 3 SYSTEMPATH\CodeIgniter.php(361): CodeIgniter\CodeIgniter->handleRequest(null, Object(Config\Cache), false)
 4 FCPATH\index.php(79): CodeIgniter\CodeIgniter->run()
 5 SYSTEMPATH\Commands\Server\rewrite.php(47): require_once('C:\\Users\\raman\\react-geo\\immeuble-geo\\public\\index.php')
CRITICAL - 2024-06-09 10:49:00 --> Call to undefined method App\Controllers\User::respond()
in APPPATH\Controllers\User.php on line 14.
 1 SYSTEMPATH\CodeIgniter.php(942): App\Controllers\User->get_user('1')
 2 SYSTEMPATH\CodeIgniter.php(502): CodeIgniter\CodeIgniter->runController(Object(App\Controllers\User))
 3 SYSTEMPATH\CodeIgniter.php(361): CodeIgniter\CodeIgniter->handleRequest(null, Object(Config\Cache), false)
 4 FCPATH\index.php(79): CodeIgniter\CodeIgniter->run()
 5 SYSTEMPATH\Commands\Server\rewrite.php(47): require_once('C:\\Users\\raman\\react-geo\\immeuble-geo\\public\\index.php')
CRITICAL - 2024-06-09 10:49:01 --> Call to undefined method App\Controllers\User::respond()
in APPPATH\Controllers\User.php on line 14.
 1 SYSTEMPATH\CodeIgniter.php(942): App\Controllers\User->get_user('1')
 2 SYSTEMPATH\CodeIgniter.php(502): CodeIgniter\CodeIgniter->runController(Object(App\Controllers\User))
 3 SYSTEMPATH\CodeIgniter.php(361): CodeIgniter\CodeIgniter->handleRequest(null, Object(Config\Cache), false)
 4 FCPATH\index.php(79): CodeIgniter\CodeIgniter->run()
 5 SYSTEMPATH\Commands\Server\rewrite.php(47): require_once('C:\\Users\\raman\\react-geo\\immeuble-geo\\public\\index.php')
CRITICAL - 2024-06-09 10:50:00 --> Call to undefined method App\Controllers\User::respond()
in APPPATH\Controllers\User.php on line 14.
 1 SYSTEMPATH\CodeIgniter.php(942): App\Controllers\User->get_user('1')
 2 SYSTEMPATH\CodeIgniter.php(502): CodeIgniter\CodeIgniter->runController(Object(App\Controllers\User))
 3 SYSTEMPATH\CodeIgniter.php(361): CodeIgniter\CodeIgniter->handleRequest(null, Object(Config\Cache), false)
 4 FCPATH\index.php(79): CodeIgniter\CodeIgniter->run()
 5 SYSTEMPATH\Commands\Server\rewrite.php(47): require_once('C:\\Users\\raman\\react-geo\\immeuble-geo\\public\\index.php')
CRITICAL - 2024-06-09 10:50:02 --> Call to undefined method App\Controllers\User::respond()
in APPPATH\Controllers\User.php on line 14.
 1 SYSTEMPATH\CodeIgniter.php(942): App\Controllers\User->get_user('1')
 2 SYSTEMPATH\CodeIgniter.php(502): CodeIgniter\CodeIgniter->runController(Object(App\Controllers\User))
 3 SYSTEMPATH\CodeIgniter.php(361): CodeIgniter\CodeIgniter->handleRequest(null, Object(Config\Cache), false)
 4 FCPATH\index.php(79): CodeIgniter\CodeIgniter->run()
 5 SYSTEMPATH\Commands\Server\rewrite.php(47): require_once('C:\\Users\\raman\\react-geo\\immeuble-geo\\public\\index.php')
CRITICAL - 2024-06-09 10:50:02 --> Call to undefined method App\Controllers\User::respond()
in APPPATH\Controllers\User.php on line 14.
 1 SYSTEMPATH\CodeIgniter.php(942): App\Controllers\User->get_user('1')
 2 SYSTEMPATH\CodeIgniter.php(502): CodeIgniter\CodeIgniter->runController(Object(App\Controllers\User))
 3 SYSTEMPATH\CodeIgniter.php(361): CodeIgniter\CodeIgniter->handleRequest(null, Object(Config\Cache), false)
 4 FCPATH\index.php(79): CodeIgniter\CodeIgniter->run()
 5 SYSTEMPATH\Commands\Server\rewrite.php(47): require_once('C:\\Users\\raman\\react-geo\\immeuble-geo\\public\\index.php')
CRITICAL - 2024-06-09 10:50:02 --> Call to undefined method App\Controllers\User::respond()
in APPPATH\Controllers\User.php on line 14.
 1 SYSTEMPATH\CodeIgniter.php(942): App\Controllers\User->get_user('1')
 2 SYSTEMPATH\CodeIgniter.php(502): CodeIgniter\CodeIgniter->runController(Object(App\Controllers\User))
 3 SYSTEMPATH\CodeIgniter.php(361): CodeIgniter\CodeIgniter->handleRequest(null, Object(Config\Cache), false)
 4 FCPATH\index.php(79): CodeIgniter\CodeIgniter->run()
 5 SYSTEMPATH\Commands\Server\rewrite.php(47): require_once('C:\\Users\\raman\\react-geo\\immeuble-geo\\public\\index.php')
CRITICAL - 2024-06-09 10:50:03 --> Call to undefined method App\Controllers\User::respond()
in APPPATH\Controllers\User.php on line 14.
 1 SYSTEMPATH\CodeIgniter.php(942): App\Controllers\User->get_user('1')
 2 SYSTEMPATH\CodeIgniter.php(502): CodeIgniter\CodeIgniter->runController(Object(App\Controllers\User))
 3 SYSTEMPATH\CodeIgniter.php(361): CodeIgniter\CodeIgniter->handleRequest(null, Object(Config\Cache), false)
 4 FCPATH\index.php(79): CodeIgniter\CodeIgniter->run()
 5 SYSTEMPATH\Commands\Server\rewrite.php(47): require_once('C:\\Users\\raman\\react-geo\\immeuble-geo\\public\\index.php')
CRITICAL - 2024-06-09 10:50:03 --> Call to undefined method App\Controllers\User::respond()
in APPPATH\Controllers\User.php on line 14.
 1 SYSTEMPATH\CodeIgniter.php(942): App\Controllers\User->get_user('1')
 2 SYSTEMPATH\CodeIgniter.php(502): CodeIgniter\CodeIgniter->runController(Object(App\Controllers\User))
 3 SYSTEMPATH\CodeIgniter.php(361): CodeIgniter\CodeIgniter->handleRequest(null, Object(Config\Cache), false)
 4 FCPATH\index.php(79): CodeIgniter\CodeIgniter->run()
 5 SYSTEMPATH\Commands\Server\rewrite.php(47): require_once('C:\\Users\\raman\\react-geo\\immeuble-geo\\public\\index.php')
CRITICAL - 2024-06-09 10:51:32 --> syntax error, unexpected token "}"
in APPPATH\Controllers\User.php on line 15.
 1 SYSTEMPATH\Autoloader\Autoloader.php(291): CodeIgniter\Autoloader\Autoloader->includeFile('C:\\Users\\raman\\react-geo\\immeuble-geo\\app\\Controllers\\User.php')
 2 SYSTEMPATH\Autoloader\Autoloader.php(269): CodeIgniter\Autoloader\Autoloader->loadInNamespace('App\\Controllers\\User')
 3 [internal function]: CodeIgniter\Autoloader\Autoloader->loadClass('App\\Controllers\\User')
 4 SYSTEMPATH\CodeIgniter.php(900): class_exists('\\App\\Controllers\\User', true)
 5 SYSTEMPATH\CodeIgniter.php(489): CodeIgniter\CodeIgniter->startController()
 6 SYSTEMPATH\CodeIgniter.php(361): CodeIgniter\CodeIgniter->handleRequest(null, Object(Config\Cache), false)
 7 FCPATH\index.php(79): CodeIgniter\CodeIgniter->run()
 8 SYSTEMPATH\Commands\Server\rewrite.php(47): require_once('C:\\Users\\raman\\react-geo\\immeuble-geo\\public\\index.php')
CRITICAL - 2024-06-09 10:51:41 --> Array to string conversion
in APPPATH\Controllers\User.php on line 14.
 1 APPPATH\Controllers\User.php(14): CodeIgniter\Debug\Exceptions->errorHandler(2, 'Array to string conversion', 'C:\\Users\\raman\\react-geo\\immeuble-geo\\app\\Controllers\\User.php', 14)
 2 SYSTEMPATH\CodeIgniter.php(942): App\Controllers\User->get_user('1')
 3 SYSTEMPATH\CodeIgniter.php(502): CodeIgniter\CodeIgniter->runController(Object(App\Controllers\User))
 4 SYSTEMPATH\CodeIgniter.php(361): CodeIgniter\CodeIgniter->handleRequest(null, Object(Config\Cache), false)
 5 FCPATH\index.php(79): CodeIgniter\CodeIgniter->run()
 6 SYSTEMPATH\Commands\Server\rewrite.php(47): require_once('C:\\Users\\raman\\react-geo\\immeuble-geo\\public\\index.php')
CRITICAL - 2024-06-09 10:51:45 --> Array to string conversion
in APPPATH\Controllers\User.php on line 14.
 1 APPPATH\Controllers\User.php(14): CodeIgniter\Debug\Exceptions->errorHandler(2, 'Array to string conversion', 'C:\\Users\\raman\\react-geo\\immeuble-geo\\app\\Controllers\\User.php', 14)
 2 SYSTEMPATH\CodeIgniter.php(942): App\Controllers\User->get_user('1')
 3 SYSTEMPATH\CodeIgniter.php(502): CodeIgniter\CodeIgniter->runController(Object(App\Controllers\User))
 4 SYSTEMPATH\CodeIgniter.php(361): CodeIgniter\CodeIgniter->handleRequest(null, Object(Config\Cache), false)
 5 FCPATH\index.php(79): CodeIgniter\CodeIgniter->run()
 6 SYSTEMPATH\Commands\Server\rewrite.php(47): require_once('C:\\Users\\raman\\react-geo\\immeuble-geo\\public\\index.php')
CRITICAL - 2024-06-09 10:52:23 --> syntax error, unexpected token "}", expecting ";"
in APPPATH\Controllers\User.php on line 16.
 1 SYSTEMPATH\Autoloader\Autoloader.php(291): CodeIgniter\Autoloader\Autoloader->includeFile('C:\\Users\\raman\\react-geo\\immeuble-geo\\app\\Controllers\\User.php')
 2 SYSTEMPATH\Autoloader\Autoloader.php(269): CodeIgniter\Autoloader\Autoloader->loadInNamespace('App\\Controllers\\User')
 3 [internal function]: CodeIgniter\Autoloader\Autoloader->loadClass('App\\Controllers\\User')
 4 SYSTEMPATH\CodeIgniter.php(900): class_exists('\\App\\Controllers\\User', true)
 5 SYSTEMPATH\CodeIgniter.php(489): CodeIgniter\CodeIgniter->startController()
 6 SYSTEMPATH\CodeIgniter.php(361): CodeIgniter\CodeIgniter->handleRequest(null, Object(Config\Cache), false)
 7 FCPATH\index.php(79): CodeIgniter\CodeIgniter->run()
 8 SYSTEMPATH\Commands\Server\rewrite.php(47): require_once('C:\\Users\\raman\\react-geo\\immeuble-geo\\public\\index.php')
CRITICAL - 2024-06-09 10:52:44 --> syntax error, unexpected token "}", expecting ";"
in APPPATH\Controllers\User.php on line 16.
 1 SYSTEMPATH\Autoloader\Autoloader.php(291): CodeIgniter\Autoloader\Autoloader->includeFile('C:\\Users\\raman\\react-geo\\immeuble-geo\\app\\Controllers\\User.php')
 2 SYSTEMPATH\Autoloader\Autoloader.php(269): CodeIgniter\Autoloader\Autoloader->loadInNamespace('App\\Controllers\\User')
 3 [internal function]: CodeIgniter\Autoloader\Autoloader->loadClass('App\\Controllers\\User')
 4 SYSTEMPATH\CodeIgniter.php(900): class_exists('\\App\\Controllers\\User', true)
 5 SYSTEMPATH\CodeIgniter.php(489): CodeIgniter\CodeIgniter->startController()
 6 SYSTEMPATH\CodeIgniter.php(361): CodeIgniter\CodeIgniter->handleRequest(null, Object(Config\Cache), false)
 7 FCPATH\index.php(79): CodeIgniter\CodeIgniter->run()
 8 SYSTEMPATH\Commands\Server\rewrite.php(47): require_once('C:\\Users\\raman\\react-geo\\immeuble-geo\\public\\index.php')
CRITICAL - 2024-06-09 10:53:21 --> syntax error, unexpected token "}", expecting ";"
in APPPATH\Controllers\User.php on line 17.
 1 SYSTEMPATH\Autoloader\Autoloader.php(291): CodeIgniter\Autoloader\Autoloader->includeFile('C:\\Users\\raman\\react-geo\\immeuble-geo\\app\\Controllers\\User.php')
 2 SYSTEMPATH\Autoloader\Autoloader.php(269): CodeIgniter\Autoloader\Autoloader->loadInNamespace('App\\Controllers\\User')
 3 [internal function]: CodeIgniter\Autoloader\Autoloader->loadClass('App\\Controllers\\User')
 4 SYSTEMPATH\CodeIgniter.php(900): class_exists('\\App\\Controllers\\User', true)
 5 SYSTEMPATH\CodeIgniter.php(489): CodeIgniter\CodeIgniter->startController()
 6 SYSTEMPATH\CodeIgniter.php(361): CodeIgniter\CodeIgniter->handleRequest(null, Object(Config\Cache), false)
 7 FCPATH\index.php(79): CodeIgniter\CodeIgniter->run()
 8 SYSTEMPATH\Commands\Server\rewrite.php(47): require_once('C:\\Users\\raman\\react-geo\\immeuble-geo\\public\\index.php')
CRITICAL - 2024-06-09 10:53:43 --> Call to undefined method App\Controllers\User::respond()
in APPPATH\Controllers\User.php on line 16.
 1 SYSTEMPATH\CodeIgniter.php(942): App\Controllers\User->get_user('1')
 2 SYSTEMPATH\CodeIgniter.php(502): CodeIgniter\CodeIgniter->runController(Object(App\Controllers\User))
 3 SYSTEMPATH\CodeIgniter.php(361): CodeIgniter\CodeIgniter->handleRequest(null, Object(Config\Cache), false)
 4 FCPATH\index.php(79): CodeIgniter\CodeIgniter->run()
 5 SYSTEMPATH\Commands\Server\rewrite.php(47): require_once('C:\\Users\\raman\\react-geo\\immeuble-geo\\public\\index.php')
CRITICAL - 2024-06-09 10:53:53 --> Call to undefined method App\Controllers\User::respond()
in APPPATH\Controllers\User.php on line 16.
 1 SYSTEMPATH\CodeIgniter.php(942): App\Controllers\User->get_user('1')
 2 SYSTEMPATH\CodeIgniter.php(502): CodeIgniter\CodeIgniter->runController(Object(App\Controllers\User))
 3 SYSTEMPATH\CodeIgniter.php(361): CodeIgniter\CodeIgniter->handleRequest(null, Object(Config\Cache), false)
 4 FCPATH\index.php(79): CodeIgniter\CodeIgniter->run()
 5 SYSTEMPATH\Commands\Server\rewrite.php(47): require_once('C:\\Users\\raman\\react-geo\\immeuble-geo\\public\\index.php')
CRITICAL - 2024-06-09 11:13:26 --> Unclosed '{' on line 9
in APPPATH\Controllers\AuthController.php on line 57.
 1 SYSTEMPATH\Autoloader\Autoloader.php(291): CodeIgniter\Autoloader\Autoloader->includeFile('C:\\Users\\raman\\react-geo\\immeuble-geo\\app\\Controllers\\AuthController.php')
 2 SYSTEMPATH\Autoloader\Autoloader.php(269): CodeIgniter\Autoloader\Autoloader->loadInNamespace('App\\Controllers\\AuthController')
 3 [internal function]: CodeIgniter\Autoloader\Autoloader->loadClass('App\\Controllers\\AuthController')
 4 SYSTEMPATH\CodeIgniter.php(900): class_exists('\\App\\Controllers\\AuthController', true)
 5 SYSTEMPATH\CodeIgniter.php(489): CodeIgniter\CodeIgniter->startController()
 6 SYSTEMPATH\CodeIgniter.php(361): CodeIgniter\CodeIgniter->handleRequest(null, Object(Config\Cache), false)
 7 FCPATH\index.php(79): CodeIgniter\CodeIgniter->run()
 8 SYSTEMPATH\Commands\Server\rewrite.php(47): require_once('C:\\Users\\raman\\react-geo\\immeuble-geo\\public\\index.php')
CRITICAL - 2024-06-09 11:14:37 --> Class "App\Controllers\ResourceCountroller" not found
in APPPATH\Controllers\AuthController.php on line 8.
 1 SYSTEMPATH\Autoloader\Autoloader.php(312): include_once()
 2 SYSTEMPATH\Autoloader\Autoloader.php(291): CodeIgniter\Autoloader\Autoloader->includeFile('C:\\Users\\raman\\react-geo\\immeuble-geo\\app\\Controllers\\AuthController.php')
 3 SYSTEMPATH\Autoloader\Autoloader.php(269): CodeIgniter\Autoloader\Autoloader->loadInNamespace('App\\Controllers\\AuthController')
 4 [internal function]: CodeIgniter\Autoloader\Autoloader->loadClass('App\\Controllers\\AuthController')
 5 SYSTEMPATH\CodeIgniter.php(900): class_exists('\\App\\Controllers\\AuthController', true)
 6 SYSTEMPATH\CodeIgniter.php(489): CodeIgniter\CodeIgniter->startController()
 7 SYSTEMPATH\CodeIgniter.php(361): CodeIgniter\CodeIgniter->handleRequest(null, Object(Config\Cache), false)
 8 FCPATH\index.php(79): CodeIgniter\CodeIgniter->run()
 9 SYSTEMPATH\Commands\Server\rewrite.php(47): require_once('C:\\Users\\raman\\react-geo\\immeuble-geo\\public\\index.php')
CRITICAL - 2024-06-09 11:15:10 --> Class "App\Controllers\ResourceCountroller" not found
in APPPATH\Controllers\AuthController.php on line 8.
 1 SYSTEMPATH\Autoloader\Autoloader.php(312): include_once()
 2 SYSTEMPATH\Autoloader\Autoloader.php(291): CodeIgniter\Autoloader\Autoloader->includeFile('C:\\Users\\raman\\react-geo\\immeuble-geo\\app\\Controllers\\AuthController.php')
 3 SYSTEMPATH\Autoloader\Autoloader.php(269): CodeIgniter\Autoloader\Autoloader->loadInNamespace('App\\Controllers\\AuthController')
 4 [internal function]: CodeIgniter\Autoloader\Autoloader->loadClass('App\\Controllers\\AuthController')
 5 SYSTEMPATH\CodeIgniter.php(900): class_exists('\\App\\Controllers\\AuthController', true)
 6 SYSTEMPATH\CodeIgniter.php(489): CodeIgniter\CodeIgniter->startController()
 7 SYSTEMPATH\CodeIgniter.php(361): CodeIgniter\CodeIgniter->handleRequest(null, Object(Config\Cache), false)
 8 FCPATH\index.php(79): CodeIgniter\CodeIgniter->run()
 9 SYSTEMPATH\Commands\Server\rewrite.php(47): require_once('C:\\Users\\raman\\react-geo\\immeuble-geo\\public\\index.php')
INFO - 2024-06-09 11:15:27 --> Session: Class initialized using 'CodeIgniter\Session\Handlers\FileHandler' driver.
INFO - 2024-06-09 11:17:38 --> Session: Class initialized using 'CodeIgniter\Session\Handlers\FileHandler' driver.
CRITICAL - 2024-06-09 11:17:38 --> Undefined array key "usr_password"
in APPPATH\Controllers\AuthController.php on line 18.
 1 APPPATH\Controllers\AuthController.php(18): CodeIgniter\Debug\Exceptions->errorHandler(2, 'Undefined array key "usr_password"', 'C:\\Users\\raman\\react-geo\\immeuble-geo\\app\\Controllers\\AuthController.php', 18)
 2 SYSTEMPATH\CodeIgniter.php(942): App\Controllers\AuthController->authentification()
 3 SYSTEMPATH\CodeIgniter.php(502): CodeIgniter\CodeIgniter->runController(Object(App\Controllers\AuthController))
 4 SYSTEMPATH\CodeIgniter.php(361): CodeIgniter\CodeIgniter->handleRequest(null, Object(Config\Cache), false)
 5 FCPATH\index.php(79): CodeIgniter\CodeIgniter->run()
 6 SYSTEMPATH\Commands\Server\rewrite.php(47): require_once('C:\\Users\\raman\\react-geo\\immeuble-geo\\public\\index.php')
INFO - 2024-06-09 11:18:25 --> Session: Class initialized using 'CodeIgniter\Session\Handlers\FileHandler' driver.
CRITICAL - 2024-06-09 11:18:25 --> Class "App\Controllers\JWT" not found
in APPPATH\Controllers\AuthController.php on line 32.
 1 SYSTEMPATH\CodeIgniter.php(942): App\Controllers\AuthController->authentification()
 2 SYSTEMPATH\CodeIgniter.php(502): CodeIgniter\CodeIgniter->runController(Object(App\Controllers\AuthController))
 3 SYSTEMPATH\CodeIgniter.php(361): CodeIgniter\CodeIgniter->handleRequest(null, Object(Config\Cache), false)
 4 FCPATH\index.php(79): CodeIgniter\CodeIgniter->run()
 5 SYSTEMPATH\Commands\Server\rewrite.php(47): require_once('C:\\Users\\raman\\react-geo\\immeuble-geo\\public\\index.php')
INFO - 2024-06-09 11:31:24 --> Session: Class initialized using 'CodeIgniter\Session\Handlers\FileHandler' driver.
CRITICAL - 2024-06-09 11:31:24 --> Class "App\Controllers\JWT" not found
in APPPATH\Controllers\AuthController.php on line 32.
 1 SYSTEMPATH\CodeIgniter.php(942): App\Controllers\AuthController->authentification()
 2 SYSTEMPATH\CodeIgniter.php(502): CodeIgniter\CodeIgniter->runController(Object(App\Controllers\AuthController))
 3 SYSTEMPATH\CodeIgniter.php(361): CodeIgniter\CodeIgniter->handleRequest(null, Object(Config\Cache), false)
 4 FCPATH\index.php(79): CodeIgniter\CodeIgniter->run()
 5 SYSTEMPATH\Commands\Server\rewrite.php(47): require_once('C:\\Users\\raman\\react-geo\\immeuble-geo\\public\\index.php')
INFO - 2024-06-09 11:32:16 --> Session: Class initialized using 'CodeIgniter\Session\Handlers\FileHandler' driver.
CRITICAL - 2024-06-09 11:32:16 --> Class "Firebase\JWT\JWT" not found
in APPPATH\Controllers\AuthController.php on line 33.
 1 SYSTEMPATH\CodeIgniter.php(942): App\Controllers\AuthController->authentification()
 2 SYSTEMPATH\CodeIgniter.php(502): CodeIgniter\CodeIgniter->runController(Object(App\Controllers\AuthController))
 3 SYSTEMPATH\CodeIgniter.php(361): CodeIgniter\CodeIgniter->handleRequest(null, Object(Config\Cache), false)
 4 FCPATH\index.php(79): CodeIgniter\CodeIgniter->run()
 5 SYSTEMPATH\Commands\Server\rewrite.php(47): require_once('C:\\Users\\raman\\react-geo\\immeuble-geo\\public\\index.php')
INFO - 2024-06-09 11:34:09 --> Session: Class initialized using 'CodeIgniter\Session\Handlers\FileHandler' driver.
CRITICAL - 2024-06-09 11:34:09 --> Class "Firebase\JWT\JWT" not found
in APPPATH\Controllers\AuthController.php on line 33.
 1 SYSTEMPATH\CodeIgniter.php(942): App\Controllers\AuthController->authentification()
 2 SYSTEMPATH\CodeIgniter.php(502): CodeIgniter\CodeIgniter->runController(Object(App\Controllers\AuthController))
 3 SYSTEMPATH\CodeIgniter.php(361): CodeIgniter\CodeIgniter->handleRequest(null, Object(Config\Cache), false)
 4 FCPATH\index.php(79): CodeIgniter\CodeIgniter->run()
 5 SYSTEMPATH\Commands\Server\rewrite.php(47): require_once('C:\\Users\\raman\\react-geo\\immeuble-geo\\public\\index.php')
INFO - 2024-06-09 11:48:02 --> Session: Class initialized using 'CodeIgniter\Session\Handlers\FileHandler' driver.
CRITICAL - 2024-06-09 11:48:02 --> Class "Firebase\JWT\JWT" not found
in APPPATH\Controllers\AuthController.php on line 33.
 1 SYSTEMPATH\CodeIgniter.php(942): App\Controllers\AuthController->authentification()
 2 SYSTEMPATH\CodeIgniter.php(502): CodeIgniter\CodeIgniter->runController(Object(App\Controllers\AuthController))
 3 SYSTEMPATH\CodeIgniter.php(361): CodeIgniter\CodeIgniter->handleRequest(null, Object(Config\Cache), false)
 4 FCPATH\index.php(79): CodeIgniter\CodeIgniter->run()
 5 SYSTEMPATH\Commands\Server\rewrite.php(47): require_once('C:\\Users\\raman\\react-geo\\immeuble-geo\\public\\index.php')
INFO - 2024-06-09 12:18:38 --> Session: Class initialized using 'CodeIgniter\Session\Handlers\FileHandler' driver.
CRITICAL - 2024-06-09 12:18:38 --> Class "Firebase\JWT\JWT" not found
in APPPATH\Controllers\AuthController.php on line 33.
 1 SYSTEMPATH\CodeIgniter.php(942): App\Controllers\AuthController->authentification()
 2 SYSTEMPATH\CodeIgniter.php(502): CodeIgniter\CodeIgniter->runController(Object(App\Controllers\AuthController))
 3 SYSTEMPATH\CodeIgniter.php(361): CodeIgniter\CodeIgniter->handleRequest(null, Object(Config\Cache), false)
 4 FCPATH\index.php(79): CodeIgniter\CodeIgniter->run()
 5 SYSTEMPATH\Commands\Server\rewrite.php(47): require_once('C:\\Users\\raman\\react-geo\\immeuble-geo\\public\\index.php')
CRITICAL - 2024-06-09 12:19:32 --> Class "Kint\Renderer\AbstractRenderer" not found
in SYSTEMPATH\Config\Factories.php on line 221.
 1 SYSTEMPATH\Config\Factories.php(171): CodeIgniter\Config\Factories::createInstance('config', 'Config\\Kint', [])
 2 SYSTEMPATH\Common.php(217): CodeIgniter\Config\Factories::__callStatic('config', [])
 3 SYSTEMPATH\CodeIgniter.php(299): config('Config\\Kint')
 4 SYSTEMPATH\CodeIgniter.php(265): CodeIgniter\CodeIgniter->configureKint()
 5 SYSTEMPATH\CodeIgniter.php(223): CodeIgniter\CodeIgniter->initializeKint()
 6 FCPATH\index.php(67): CodeIgniter\CodeIgniter->initialize()
 7 SYSTEMPATH\Commands\Server\rewrite.php(47): require_once('C:\\Users\\raman\\react-geo\\immeuble-geo\\public\\index.php')
CRITICAL - 2024-06-09 12:22:27 --> Class "Kint\Renderer\AbstractRenderer" not found
in SYSTEMPATH\Config\Factories.php on line 110.
 1 SYSTEMPATH\Common.php(217): CodeIgniter\Config\Factories::__callStatic('config', [])
 2 SYSTEMPATH\CodeIgniter.php(299): config('Config\\Kint')
 3 SYSTEMPATH\CodeIgniter.php(265): CodeIgniter\CodeIgniter->configureKint()
 4 SYSTEMPATH\CodeIgniter.php(223): CodeIgniter\CodeIgniter->initializeKint()
 5 FCPATH\index.php(67): CodeIgniter\CodeIgniter->initialize()
 6 SYSTEMPATH\Commands\Server\rewrite.php(47): require_once('C:\\Users\\raman\\react-geo\\immeuble-geo\\public\\index.php')
CRITICAL - 2024-06-09 19:38:25 --> Class "Kint\Renderer\AbstractRenderer" not found
in SYSTEMPATH\Config\Factories.php on line 221.
 1 SYSTEMPATH\Config\Factories.php(171): CodeIgniter\Config\Factories::createInstance('config', 'Config\\Kint', [])
 2 SYSTEMPATH\Common.php(217): CodeIgniter\Config\Factories::__callStatic('config', [])
 3 SYSTEMPATH\CodeIgniter.php(299): config('Config\\Kint')
 4 SYSTEMPATH\CodeIgniter.php(265): CodeIgniter\CodeIgniter->configureKint()
 5 SYSTEMPATH\CodeIgniter.php(223): CodeIgniter\CodeIgniter->initializeKint()
 6 FCPATH\index.php(67): CodeIgniter\CodeIgniter->initialize()
 7 SYSTEMPATH\Commands\Server\rewrite.php(47): require_once('C:\\Users\\raman\\react-geo\\immeuble-geo\\public\\index.php')
CRITICAL - 2024-06-09 19:38:57 --> Class "Kint\Renderer\AbstractRenderer" not found
in SYSTEMPATH\Config\Factories.php on line 221.
 1 SYSTEMPATH\Config\Factories.php(171): CodeIgniter\Config\Factories::createInstance('config', 'Config\\Kint', [])
 2 SYSTEMPATH\Common.php(217): CodeIgniter\Config\Factories::__callStatic('config', [])
 3 SYSTEMPATH\CodeIgniter.php(299): config('Config\\Kint')
 4 SYSTEMPATH\CodeIgniter.php(265): CodeIgniter\CodeIgniter->configureKint()
 5 SYSTEMPATH\CodeIgniter.php(223): CodeIgniter\CodeIgniter->initializeKint()
 6 FCPATH\index.php(67): CodeIgniter\CodeIgniter->initialize()
 7 SYSTEMPATH\Commands\Server\rewrite.php(47): require_once('C:\\Users\\raman\\react-geo\\immeuble-geo\\public\\index.php')
CRITICAL - 2024-06-09 19:39:00 --> Class "Kint\Renderer\AbstractRenderer" not found
in SYSTEMPATH\Config\Factories.php on line 221.
 1 SYSTEMPATH\Config\Factories.php(171): CodeIgniter\Config\Factories::createInstance('config', 'Config\\Kint', [])
 2 SYSTEMPATH\Common.php(217): CodeIgniter\Config\Factories::__callStatic('config', [])
 3 SYSTEMPATH\CodeIgniter.php(299): config('Config\\Kint')
 4 SYSTEMPATH\CodeIgniter.php(265): CodeIgniter\CodeIgniter->configureKint()
 5 SYSTEMPATH\CodeIgniter.php(223): CodeIgniter\CodeIgniter->initializeKint()
 6 FCPATH\index.php(67): CodeIgniter\CodeIgniter->initialize()
 7 SYSTEMPATH\Commands\Server\rewrite.php(47): require_once('C:\\Users\\raman\\react-geo\\immeuble-geo\\public\\index.php')
CRITICAL - 2024-06-09 19:39:01 --> Class "Kint\Renderer\AbstractRenderer" not found
in SYSTEMPATH\Config\Factories.php on line 221.
 1 SYSTEMPATH\Config\Factories.php(171): CodeIgniter\Config\Factories::createInstance('config', 'Config\\Kint', [])
 2 SYSTEMPATH\Common.php(217): CodeIgniter\Config\Factories::__callStatic('config', [])
 3 SYSTEMPATH\CodeIgniter.php(299): config('Config\\Kint')
 4 SYSTEMPATH\CodeIgniter.php(265): CodeIgniter\CodeIgniter->configureKint()
 5 SYSTEMPATH\CodeIgniter.php(223): CodeIgniter\CodeIgniter->initializeKint()
 6 FCPATH\index.php(67): CodeIgniter\CodeIgniter->initialize()
 7 SYSTEMPATH\Commands\Server\rewrite.php(47): require_once('C:\\Users\\raman\\react-geo\\immeuble-geo\\public\\index.php')
CRITICAL - 2024-06-09 19:39:02 --> Class "Kint\Renderer\AbstractRenderer" not found
in SYSTEMPATH\Config\Factories.php on line 221.
 1 SYSTEMPATH\Config\Factories.php(171): CodeIgniter\Config\Factories::createInstance('config', 'Config\\Kint', [])
 2 SYSTEMPATH\Common.php(217): CodeIgniter\Config\Factories::__callStatic('config', [])
 3 SYSTEMPATH\CodeIgniter.php(299): config('Config\\Kint')
 4 SYSTEMPATH\CodeIgniter.php(265): CodeIgniter\CodeIgniter->configureKint()
 5 SYSTEMPATH\CodeIgniter.php(223): CodeIgniter\CodeIgniter->initializeKint()
 6 FCPATH\index.php(67): CodeIgniter\CodeIgniter->initialize()
 7 SYSTEMPATH\Commands\Server\rewrite.php(47): require_once('C:\\Users\\raman\\react-geo\\immeuble-geo\\public\\index.php')
CRITICAL - 2024-06-09 19:39:43 --> Class "Kint\Renderer\AbstractRenderer" not found
in SYSTEMPATH\Config\Factories.php on line 221.
 1 SYSTEMPATH\Config\Factories.php(171): CodeIgniter\Config\Factories::createInstance('config', 'Config\\Kint', [])
 2 SYSTEMPATH\Common.php(217): CodeIgniter\Config\Factories::__callStatic('config', [])
 3 SYSTEMPATH\CodeIgniter.php(299): config('Config\\Kint')
 4 SYSTEMPATH\CodeIgniter.php(265): CodeIgniter\CodeIgniter->configureKint()
 5 SYSTEMPATH\CodeIgniter.php(223): CodeIgniter\CodeIgniter->initializeKint()
 6 FCPATH\index.php(67): CodeIgniter\CodeIgniter->initialize()
 7 SYSTEMPATH\Commands\Server\rewrite.php(47): require_once('C:\\Users\\raman\\react-geo\\immeuble-geo\\public\\index.php')
CRITICAL - 2024-06-09 19:40:17 --> Class "Kint\Renderer\AbstractRenderer" not found
in SYSTEMPATH\Config\Factories.php on line 221.
 1 SYSTEMPATH\Config\Factories.php(171): CodeIgniter\Config\Factories::createInstance('config', 'Config\\Kint', [])
 2 SYSTEMPATH\Common.php(217): CodeIgniter\Config\Factories::__callStatic('config', [])
 3 SYSTEMPATH\CodeIgniter.php(299): config('Config\\Kint')
 4 SYSTEMPATH\CodeIgniter.php(265): CodeIgniter\CodeIgniter->configureKint()
 5 SYSTEMPATH\CodeIgniter.php(223): CodeIgniter\CodeIgniter->initializeKint()
 6 FCPATH\index.php(67): CodeIgniter\CodeIgniter->initialize()
 7 SYSTEMPATH\Commands\Server\rewrite.php(47): require_once('C:\\Users\\raman\\react-geo\\immeuble-geo\\public\\index.php')
CRITICAL - 2024-06-09 19:40:32 --> Class "Kint\Renderer\AbstractRenderer" not found
in SYSTEMPATH\Config\Factories.php on line 221.
 1 SYSTEMPATH\Config\Factories.php(171): CodeIgniter\Config\Factories::createInstance('config', 'Config\\Kint', [])
 2 SYSTEMPATH\Common.php(217): CodeIgniter\Config\Factories::__callStatic('config', [])
 3 SYSTEMPATH\CodeIgniter.php(299): config('Config\\Kint')
 4 SYSTEMPATH\CodeIgniter.php(265): CodeIgniter\CodeIgniter->configureKint()
 5 SYSTEMPATH\CodeIgniter.php(223): CodeIgniter\CodeIgniter->initializeKint()
 6 FCPATH\index.php(67): CodeIgniter\CodeIgniter->initialize()
 7 SYSTEMPATH\Commands\Server\rewrite.php(47): require_once('C:\\Users\\raman\\react-geo\\immeuble-geo\\public\\index.php')
CRITICAL - 2024-06-09 19:56:20 --> syntax error, unexpected end of file
in APPPATH\Config\Routes.php on line 12.
 1 SYSTEMPATH\CodeIgniter.php(810): CodeIgniter\Router\RouteCollection->loadRoutes()
 2 SYSTEMPATH\CodeIgniter.php(450): CodeIgniter\CodeIgniter->tryToRouteIt(null)
 3 SYSTEMPATH\CodeIgniter.php(361): CodeIgniter\CodeIgniter->handleRequest(null, Object(Config\Cache), false)
 4 FCPATH\index.php(79): CodeIgniter\CodeIgniter->run()
 5 SYSTEMPATH\Commands\Server\rewrite.php(47): require_once('C:\\Users\\raman\\react-geo\\immeuble-geo\\public\\index.php')
CRITICAL - 2024-06-09 19:56:25 --> syntax error, unexpected end of file
in APPPATH\Config\Routes.php on line 12.
 1 SYSTEMPATH\CodeIgniter.php(810): CodeIgniter\Router\RouteCollection->loadRoutes()
 2 SYSTEMPATH\CodeIgniter.php(450): CodeIgniter\CodeIgniter->tryToRouteIt(null)
 3 SYSTEMPATH\CodeIgniter.php(361): CodeIgniter\CodeIgniter->handleRequest(null, Object(Config\Cache), false)
 4 FCPATH\index.php(79): CodeIgniter\CodeIgniter->run()
 5 SYSTEMPATH\Commands\Server\rewrite.php(47): require_once('C:\\Users\\raman\\react-geo\\immeuble-geo\\public\\index.php')
INFO - 2024-06-09 19:56:36 --> Session: Class initialized using 'CodeIgniter\Session\Handlers\FileHandler' driver.
INFO - 2024-06-09 19:57:49 --> Session: Class initialized using 'CodeIgniter\Session\Handlers\FileHandler' driver.
INFO - 2024-06-09 19:59:45 --> Session: Class initialized using 'CodeIgniter\Session\Handlers\FileHandler' driver.
INFO - 2024-06-09 20:00:44 --> Session: Class initialized using 'CodeIgniter\Session\Handlers\FileHandler' driver.
INFO - 2024-06-09 20:00:52 --> Session: Class initialized using 'CodeIgniter\Session\Handlers\FileHandler' driver.
INFO - 2024-06-09 20:01:29 --> Session: Class initialized using 'CodeIgniter\Session\Handlers\FileHandler' driver.
INFO - 2024-06-09 20:02:17 --> Session: Class initialized using 'CodeIgniter\Session\Handlers\FileHandler' driver.
INFO - 2024-06-09 20:03:06 --> Session: Class initialized using 'CodeIgniter\Session\Handlers\FileHandler' driver.
INFO - 2024-06-09 20:04:04 --> Session: Class initialized using 'CodeIgniter\Session\Handlers\FileHandler' driver.
INFO - 2024-06-09 20:04:37 --> Session: Class initialized using 'CodeIgniter\Session\Handlers\FileHandler' driver.
INFO - 2024-06-09 20:07:48 --> Session: Class initialized using 'CodeIgniter\Session\Handlers\FileHandler' driver.
INFO - 2024-06-09 20:07:56 --> Session: Class initialized using 'CodeIgniter\Session\Handlers\FileHandler' driver.
INFO - 2024-06-09 20:08:17 --> Session: Class initialized using 'CodeIgniter\Session\Handlers\FileHandler' driver.
INFO - 2024-06-09 20:09:02 --> Session: Class initialized using 'CodeIgniter\Session\Handlers\FileHandler' driver.
INFO - 2024-06-09 20:09:11 --> Session: Class initialized using 'CodeIgniter\Session\Handlers\FileHandler' driver.
INFO - 2024-06-09 20:09:17 --> Session: Class initialized using 'CodeIgniter\Session\Handlers\FileHandler' driver.
INFO - 2024-06-09 20:09:49 --> Session: Class initialized using 'CodeIgniter\Session\Handlers\FileHandler' driver.
INFO - 2024-06-09 20:09:53 --> Session: Class initialized using 'CodeIgniter\Session\Handlers\FileHandler' driver.
INFO - 2024-06-09 20:10:07 --> Session: Class initialized using 'CodeIgniter\Session\Handlers\FileHandler' driver.
INFO - 2024-06-09 20:10:19 --> Session: Class initialized using 'CodeIgniter\Session\Handlers\FileHandler' driver.
WARNING - 2024-06-09 20:10:19 --> [DEPRECATED] print_r(): Passing null to parameter #2 ($return) of type bool is deprecated in APPPATH\Controllers\AuthController.php on line 16.
 1 APPPATH\Controllers\AuthController.php(16): print_r('data = ', null)
 2 SYSTEMPATH\CodeIgniter.php(942): App\Controllers\AuthController->login()
 3 SYSTEMPATH\CodeIgniter.php(502): CodeIgniter\CodeIgniter->runController(Object(App\Controllers\AuthController))
 4 SYSTEMPATH\CodeIgniter.php(361): CodeIgniter\CodeIgniter->handleRequest(null, Object(Config\Cache), false)
 5 FCPATH\index.php(79): CodeIgniter\CodeIgniter->run()
 6 SYSTEMPATH\Commands\Server\rewrite.php(47): require_once('C:\\Users\\raman\\react-geo\\immeuble-geo\\public\\index.php')
INFO - 2024-06-09 20:11:29 --> Session: Class initialized using 'CodeIgniter\Session\Handlers\FileHandler' driver.
WARNING - 2024-06-09 20:11:29 --> [DEPRECATED] print_r(): Passing null to parameter #2 ($return) of type bool is deprecated in APPPATH\Controllers\AuthController.php on line 16.
 1 APPPATH\Controllers\AuthController.php(16): print_r('data = ', null)
 2 SYSTEMPATH\CodeIgniter.php(942): App\Controllers\AuthController->login()
 3 SYSTEMPATH\CodeIgniter.php(502): CodeIgniter\CodeIgniter->runController(Object(App\Controllers\AuthController))
 4 SYSTEMPATH\CodeIgniter.php(361): CodeIgniter\CodeIgniter->handleRequest(null, Object(Config\Cache), false)
 5 FCPATH\index.php(79): CodeIgniter\CodeIgniter->run()
 6 SYSTEMPATH\Commands\Server\rewrite.php(47): require_once('C:\\Users\\raman\\react-geo\\immeuble-geo\\public\\index.php')
INFO - 2024-06-09 20:11:43 --> Session: Class initialized using 'CodeIgniter\Session\Handlers\FileHandler' driver.
WARNING - 2024-06-09 20:11:43 --> [DEPRECATED] print_r(): Passing null to parameter #2 ($return) of type bool is deprecated in APPPATH\Controllers\AuthController.php on line 16.
 1 APPPATH\Controllers\AuthController.php(16): print_r('data = ', null)
 2 SYSTEMPATH\CodeIgniter.php(942): App\Controllers\AuthController->login()
 3 SYSTEMPATH\CodeIgniter.php(502): CodeIgniter\CodeIgniter->runController(Object(App\Controllers\AuthController))
 4 SYSTEMPATH\CodeIgniter.php(361): CodeIgniter\CodeIgniter->handleRequest(null, Object(Config\Cache), false)
 5 FCPATH\index.php(79): CodeIgniter\CodeIgniter->run()
 6 SYSTEMPATH\Commands\Server\rewrite.php(47): require_once('C:\\Users\\raman\\react-geo\\immeuble-geo\\public\\index.php')
INFO - 2024-06-09 20:11:57 --> Session: Class initialized using 'CodeIgniter\Session\Handlers\FileHandler' driver.
WARNING - 2024-06-09 20:11:57 --> [DEPRECATED] print_r(): Passing null to parameter #2 ($return) of type bool is deprecated in APPPATH\Controllers\AuthController.php on line 16.
 1 APPPATH\Controllers\AuthController.php(16): print_r('data = ', null)
 2 SYSTEMPATH\CodeIgniter.php(942): App\Controllers\AuthController->login()
 3 SYSTEMPATH\CodeIgniter.php(502): CodeIgniter\CodeIgniter->runController(Object(App\Controllers\AuthController))
 4 SYSTEMPATH\CodeIgniter.php(361): CodeIgniter\CodeIgniter->handleRequest(null, Object(Config\Cache), false)
 5 FCPATH\index.php(79): CodeIgniter\CodeIgniter->run()
 6 SYSTEMPATH\Commands\Server\rewrite.php(47): require_once('C:\\Users\\raman\\react-geo\\immeuble-geo\\public\\index.php')
INFO - 2024-06-09 22:04:43 --> Session: Class initialized using 'CodeIgniter\Session\Handlers\FileHandler' driver.
WARNING - 2024-06-09 22:04:43 --> [DEPRECATED] print_r(): Passing null to parameter #2 ($return) of type bool is deprecated in APPPATH\Controllers\AuthController.php on line 16.
 1 APPPATH\Controllers\AuthController.php(16): print_r('data = ', null)
 2 SYSTEMPATH\CodeIgniter.php(942): App\Controllers\AuthController->login()
 3 SYSTEMPATH\CodeIgniter.php(502): CodeIgniter\CodeIgniter->runController(Object(App\Controllers\AuthController))
 4 SYSTEMPATH\CodeIgniter.php(361): CodeIgniter\CodeIgniter->handleRequest(null, Object(Config\Cache), false)
 5 FCPATH\index.php(79): CodeIgniter\CodeIgniter->run()
 6 SYSTEMPATH\Commands\Server\rewrite.php(47): require_once('C:\\Users\\raman\\react-geo\\immeuble-geo\\public\\index.php')
INFO - 2024-06-09 22:04:54 --> Session: Class initialized using 'CodeIgniter\Session\Handlers\FileHandler' driver.
CRITICAL - 2024-06-09 22:04:54 --> print_r(): Argument #2 ($return) must be of type bool, array given
in APPPATH\Controllers\AuthController.php on line 16.
 1 APPPATH\Controllers\AuthController.php(16): print_r('data = ', [...])
 2 SYSTEMPATH\CodeIgniter.php(942): App\Controllers\AuthController->login()
 3 SYSTEMPATH\CodeIgniter.php(502): CodeIgniter\CodeIgniter->runController(Object(App\Controllers\AuthController))
 4 SYSTEMPATH\CodeIgniter.php(361): CodeIgniter\CodeIgniter->handleRequest(null, Object(Config\Cache), false)
 5 FCPATH\index.php(79): CodeIgniter\CodeIgniter->run()
 6 SYSTEMPATH\Commands\Server\rewrite.php(47): require_once('C:\\Users\\raman\\react-geo\\immeuble-geo\\public\\index.php')
INFO - 2024-06-09 22:07:41 --> Session: Class initialized using 'CodeIgniter\Session\Handlers\FileHandler' driver.
INFO - 2024-06-09 23:36:01 --> Session: Class initialized using 'CodeIgniter\Session\Handlers\FileHandler' driver.
INFO - 2024-06-09 23:36:02 --> Session: Class initialized using 'CodeIgniter\Session\Handlers\FileHandler' driver.
INFO - 2024-06-09 23:36:22 --> Session: Class initialized using 'CodeIgniter\Session\Handlers\FileHandler' driver.
INFO - 2024-06-09 23:37:03 --> Session: Class initialized using 'CodeIgniter\Session\Handlers\FileHandler' driver.
INFO - 2024-06-09 23:39:19 --> Session: Class initialized using 'CodeIgniter\Session\Handlers\FileHandler' driver.
INFO - 2024-06-09 23:39:22 --> Session: Class initialized using 'CodeIgniter\Session\Handlers\FileHandler' driver.
INFO - 2024-06-09 23:40:03 --> Session: Class initialized using 'CodeIgniter\Session\Handlers\FileHandler' driver.
INFO - 2024-06-09 23:41:29 --> Session: Class initialized using 'CodeIgniter\Session\Handlers\FileHandler' driver.
INFO - 2024-06-09 23:41:47 --> Session: Class initialized using 'CodeIgniter\Session\Handlers\FileHandler' driver.
INFO - 2024-06-09 23:42:08 --> Session: Class initialized using 'CodeIgniter\Session\Handlers\FileHandler' driver.
INFO - 2024-06-09 23:42:41 --> Session: Class initialized using 'CodeIgniter\Session\Handlers\FileHandler' driver.
INFO - 2024-06-09 23:42:54 --> Session: Class initialized using 'CodeIgniter\Session\Handlers\FileHandler' driver.
INFO - 2024-06-09 23:43:26 --> Session: Class initialized using 'CodeIgniter\Session\Handlers\FileHandler' driver.
INFO - 2024-06-09 23:43:40 --> Session: Class initialized using 'CodeIgniter\Session\Handlers\FileHandler' driver.
INFO - 2024-06-09 23:43:42 --> Session: Class initialized using 'CodeIgniter\Session\Handlers\FileHandler' driver.
INFO - 2024-06-09 23:44:02 --> Session: Class initialized using 'CodeIgniter\Session\Handlers\FileHandler' driver.
INFO - 2024-06-09 23:44:06 --> Session: Class initialized using 'CodeIgniter\Session\Handlers\FileHandler' driver.
INFO - 2024-06-09 23:44:09 --> Session: Class initialized using 'CodeIgniter\Session\Handlers\FileHandler' driver.
INFO - 2024-06-09 23:44:10 --> Session: Class initialized using 'CodeIgniter\Session\Handlers\FileHandler' driver.
INFO - 2024-06-09 23:44:11 --> Session: Class initialized using 'CodeIgniter\Session\Handlers\FileHandler' driver.
INFO - 2024-06-09 23:44:13 --> Session: Class initialized using 'CodeIgniter\Session\Handlers\FileHandler' driver.
INFO - 2024-06-09 23:44:15 --> Session: Class initialized using 'CodeIgniter\Session\Handlers\FileHandler' driver.
